This is pdfTeX, Version 3.14159265-2.6-1.40.18 (TeX Live 2017/Debian) (preloaded format=pdflatex 2019.1.1)  1 JAN 2019 20:31
entering extended mode
 restricted \write18 enabled.
 %&-line parsing enabled.
**Dokumentace.tex
(./Dokumentace.tex
LaTeX2e <2017-04-15>
Babel <3.18> and hyphenation patterns for 84 language(s) loaded.
(/usr/share/texlive/texmf-dist/tex/latex/base/article.cls
Document Class: article 2014/09/29 v1.4h Standard LaTeX document class
(/usr/share/texlive/texmf-dist/tex/latex/base/size10.clo
File: size10.clo 2014/09/29 v1.4h Standard LaTeX file (size option)
)
\c@part=\count79
\c@section=\count80
\c@subsection=\count81
\c@subsubsection=\count82
\c@paragraph=\count83
\c@subparagraph=\count84
\c@figure=\count85
\c@table=\count86
\abovecaptionskip=\skip41
\belowcaptionskip=\skip42
\bibindent=\dimen102
)
No file Dokumentace.aux.
\openout1 = `Dokumentace.aux'.

LaTeX Font Info:    Checking defaults for OML/cmm/m/it on input line 2.
LaTeX Font Info:    ... okay on input line 2.
LaTeX Font Info:    Checking defaults for T1/cmr/m/n on input line 2.
LaTeX Font Info:    ... okay on input line 2.
LaTeX Font Info:    Checking defaults for OT1/cmr/m/n on input line 2.
LaTeX Font Info:    ... okay on input line 2.
LaTeX Font Info:    Checking defaults for OMS/cmsy/m/n on input line 2.
LaTeX Font Info:    ... okay on input line 2.
LaTeX Font Info:    Checking defaults for OMX/cmex/m/n on input line 2.
LaTeX Font Info:    ... okay on input line 2.
LaTeX Font Info:    Checking defaults for U/cmr/m/n on input line 2.
LaTeX Font Info:    ... okay on input line 2.
Missing character: There is no Ã in font cmr10!
Missing character: There is no ¡ in font cmr10!
Missing character: There is no Ã in font cmr10!
Missing character: There is no ­ in font cmr10!
Missing character: There is no Ã in font cmr10!
Missing character: There is no ¡ in font cmr10!
Missing character: There is no Ã in font cmr10!
Missing character: There is no ½ in font cmr10!
! Missing $ inserted.
<inserted text> 
                $
l.21   |-handle_
                cmd_arguments
I've inserted a begin-math/end-math symbol since I think
you left one out. Proceed, with fingers crossed.

LaTeX Font Info:    External font `cmex10' loaded for size
(Font)              <7> on input line 21.
LaTeX Font Info:    External font `cmex10' loaded for size
(Font)              <5> on input line 21.
! Missing $ inserted.
<inserted text> 
                $
l.56 
     
I've inserted a begin-math/end-math symbol since I think
you left one out. Proceed, with fingers crossed.


Overfull \hbox (79.11761pt too wide) in paragraph at lines 7--56
\OT1/cmr/m/n/10 workflow -main | |-handle$[]\OML/cmm/m/it/10 md[]rguments\OMS/c
msy/m/n/10 j ^^@ \OML/cmm/m/it/10 get[]nvironment\OMS/cmsy/m/n/10 j ^^@ \OML/cm
m/m/it/10 life\OMS/cmsy/m/n/10 jj ^^@ \OML/cmm/m/it/10 create[]nitial[]opulatio
n\OMS/cmsy/m/n/10 j ^^@
 []


Overfull \hbox (10.79579pt too wide) in paragraph at lines 7--56
\OML/cmm/m/it/10 evolve\OMS/cmsy/m/n/10 jj ^^@ \OML/cmm/m/it/10 testcreature\OM
S/cmsy/m/n/10 jjjj ^^@ \OML/cmm/m/it/10 writetometadatafile\OMS/cmsy/m/n/10 jj 
^^@ \OML/cmm/m/it/10 executeexecutable\OMS/cmsy/m/n/10 jj ^^@ \OML/cmm/m/it/10 
dying\OMS/cmsy/m/n/10 jjjj ^^@
 []


Overfull \hbox (37.75679pt too wide) in paragraph at lines 7--56
\OML/cmm/m/it/10 killeveryonewithbelowaveragefitness\OMS/cmsy/m/n/10 jj ^^@ \OM
L/cmm/m/it/10 mating\OMS/cmsy/m/n/10 jjjj ^^@ \OML/cmm/m/it/10 breed[]ffspring\
OMS/cmsy/m/n/10 jjjj ^^@ \OML/cmm/m/it/10 cross[]ene\OMS/cmsy/m/n/10 jjjj ^^@
 []


Overfull \hbox (27.11467pt too wide) in paragraph at lines 7--56
\OML/cmm/m/it/10 convertbacktoint\OMS/cmsy/m/n/10 jjjj ^^@ \OML/cmm/m/it/10 is[
]alid[]inary\OMS/cmsy/m/n/10 jj ^^@ \OML/cmm/m/it/10 cross[]eal\OMS/cmsy/m/n/10
 jj ^^@ \OML/cmm/m/it/10 is[]alid[]eal\OMS/cmsy/m/n/10 jj ^^@ \OML/cmm/m/it/10 
mutate[]opulation\OMS/cmsy/m/n/10 jj ^^@
 []

[1

{/var/lib/texmf/fonts/map/pdftex/updmap/pdftex.map}] (./Dokumentace.aux) ) 
Here is how much of TeX's memory you used:
 201 strings out of 492982
 2187 string characters out of 6134897
 55932 words of memory out of 5000000
 3855 multiletter control sequences out of 15000+600000
 3640 words of font info for 14 fonts, out of 8000000 for 9000
 1141 hyphenation exceptions out of 8191
 23i,4n,17p,135b,107s stack positions out of 5000i,500n,10000p,200000b,80000s
</usr
/share/texlive/texmf-dist/fonts/type1/public/amsfonts/cm/cmmi10.pfb></usr/share
/texlive/texmf-dist/fonts/type1/public/amsfonts/cm/cmmi7.pfb></usr/share/texliv
e/texmf-dist/fonts/type1/public/amsfonts/cm/cmr10.pfb></usr/share/texlive/texmf
-dist/fonts/type1/public/amsfonts/cm/cmsy10.pfb>
Output written on Dokumentace.pdf (1 page, 47269 bytes).
PDF statistics:
 24 PDF objects out of 1000 (max. 8388607)
 16 compressed objects within 1 object stream
 0 named destinations out of 1000 (max. 500000)
 1 words of extra memory for PDF output out of 10000 (max. 10000000)

